Flutter crash report.
Please report a bug at https://github.com/flutter/flutter/issues.

## command

flutter run

## exception

_Exception: Exception: Source directory "C:\Users\HP\AppData\Local\Temp\flutter_tools.4ec13ec7\flutter_tools_chrome_device.66ce838a\Default\Workspaces" does not exist, nothing to copy

```
#0      copyDirectory (package:flutter_tools/src/base/file_system.dart:120:5)
#1      copyDirectory (package:flutter_tools/src/base/file_system.dart:143:7)
#2      ChromiumLauncher._cacheUserSessionInformation (package:flutter_tools/src/web/chrome.dart:350:9)
#3      ChromiumLauncher.launch.<anonymous closure> (package:flutter_tools/src/web/chrome.dart:224:9)
#4      _rootRun (dart:async/zone.dart:1391:47)
#5      _CustomZone.run (dart:async/zone.dart:1301:19)
#6      _FutureListener.handleWhenComplete (dart:async/future_impl.dart:190:18)
#7      Future._propagateToListeners.handleWhenCompleteCallback (dart:async/future_impl.dart:754:39)
#8      Future._propagateToListeners (dart:async/future_impl.dart:810:11)
#9      Future._propagateToListeners (dart:async/future_impl.dart:709:9)
#10     Future._completeWithValue (dart:async/future_impl.dart:584:5)
#11     Future._asyncCompleteWithValue.<anonymous closure> (dart:async/future_impl.dart:657:7)
#12     _rootRun (dart:async/zone.dart:1399:13)
#13     _CustomZone.run (dart:async/zone.dart:1301:19)
#14     _CustomZone.runGuarded (dart:async/zone.dart:1209:7)
#15     _CustomZone.bindCallbackGuarded.<anonymous closure> (dart:async/zone.dart:1249:23)
#16     _microtaskLoop (dart:async/schedule_microtask.dart:40:21)
#17     _startMicrotaskLoop (dart:async/schedule_microtask.dart:49:5)
#18     _runPendingImmediateCallback (dart:isolate-patch/isolate_patch.dart:123:13)
#19     _RawReceivePort._handleMessage (dart:isolate-patch/isolate_patch.dart:190:5)
```

## flutter doctor

```
[32m[✓][39m Flutter (Channel stable, 3.10.5, on Microsoft Windows [Version 10.0.19045.3324], locale en-US)
    [32m•[39m Flutter version 3.10.5 on channel stable at C:\src\flutter
    [32m•[39m Upstream repository https://github.com/flutter/flutter.git
    [32m•[39m Framework revision 796c8ef792 (2 months ago), 2023-06-13 15:51:02 -0700
    [32m•[39m Engine revision 45f6e00911
    [32m•[39m Dart version 3.0.5
    [32m•[39m DevTools version 2.23.1

[32m[✓][39m Windows Version (Installed version of Windows is version 10 or higher)

[32m[✓][39m Android toolchain - develop for Android devices (Android SDK version 33.0.2)
    [32m•[39m Android SDK at C:\Users\HP\AppData\Local\Android\sdk
    [32m•[39m Platform android-UpsideDownCake, build-tools 33.0.2
    [32m•[39m Java binary at: C:\Program Files\Android\Android Studio\jbr\bin\java
    [32m•[39m Java version OpenJDK Runtime Environment (build 17.0.6+0-b2043.56-9586694)
    [32m•[39m All Android licenses accepted.

[32m[✓][39m Chrome - develop for the web
    [32m•[39m Chrome at C:\Program Files\Google\Chrome\Application\chrome.exe

[32m[✓][39m Visual Studio - develop for Windows (Visual Studio Community 2022 17.6.0)
    [32m•[39m Visual Studio at C:\Program Files\Microsoft Visual Studio\2022\Community
    [32m•[39m Visual Studio Community 2022 version 17.6.33712.159
    [32m•[39m Windows 10 SDK version 10.0.22000.0

[32m[✓][39m Android Studio (version 2022.2)
    [32m•[39m Android Studio at C:\Program Files\Android\Android Studio
    [32m•[39m Flutter plugin can be installed from:
      🔨 https://plugins.jetbrains.com/plugin/9212-flutter
    [32m•[39m Dart plugin can be installed from:
      🔨 https://plugins.jetbrains.com/plugin/6351-dart
    [32m•[39m Java version OpenJDK Runtime Environment (build 17.0.6+0-b2043.56-9586694)

[32m[✓][39m VS Code (version 1.78.2)
    [32m•[39m VS Code at C:\Users\HP\AppData\Local\Programs\Microsoft VS Code
    [32m•[39m Flutter extension version 3.70.0

[32m[✓][39m Connected device (3 available)
    [32m•[39m Windows (desktop) • windows • windows-x64    • Microsoft Windows [Version 10.0.19045.3324]
    [32m•[39m Chrome (web)      • chrome  • web-javascript • Google Chrome 116.0.5845.97
    [32m•[39m Edge (web)        • edge    • web-javascript • Microsoft Edge 116.0.1938.54

[33m[!][39m Network resources
    [31m✗[39m A network error occurred while checking "https://pub.dev/": Failed host lookup: 'pub.dev'
    [31m✗[39m A network error occurred while checking "https://storage.googleapis.com/": Failed host lookup: 'storage.googleapis.com'
    [31m✗[39m A network error occurred while checking "https://maven.google.com/": Failed host lookup: 'maven.google.com'
    [31m✗[39m A network error occurred while checking "https://cocoapods.org/": Failed host lookup: 'cocoapods.org'
    [31m✗[39m A network error occurred while checking "https://github.com/": Failed host lookup: 'github.com'

[33m![39m Doctor found issues in 1 category.
```
